<?xml version="1.0" encoding="UTF-8"?>
<!-- Generated by org.testng.reporters.JUnitReportReporter -->
<testsuite hostname="USPL-298" failures="0" tests="1" name="test.Login" time="0.190" errors="0" timestamp="2025-04-21T17:51:23 IST" skipped="0">
  <testcase classname="test.Login" name="LoginUser" time="0.190"/>
</testsuite> <!-- test.Login -->
