<?xml version="1.0" encoding="UTF-8"?>
<!-- Generated by org.testng.reporters.JUnitReportReporter -->
<testsuite hostname="USPL-298" failures="0" tests="1" name="test.Main_Driver" time="0.044" errors="0" timestamp="2025-04-21T17:51:23 IST" skipped="0">
  <testcase classname="test.Main_Driver" name="openBrowser" time="0.044"/>
</testsuite> <!-- test.Main_Driver -->
