<?xml version="1.0" encoding="UTF-8"?>
<!-- Generated by org.testng.reporters.JUnitReportReporter -->
<testsuite hostname="USPL-298" failures="0" tests="1" name="test.DriverCalling" time="2.656" errors="0" timestamp="2025-04-21T17:51:23 IST" skipped="0">
  <testcase classname="test.DriverCalling" name="driverCalling" time="2.656"/>
</testsuite> <!-- test.DriverCalling -->
