<?xml version="1.0" encoding="UTF-8"?>
<!-- Generated by org.testng.reporters.JUnitReportReporter -->
<testsuite hostname="USPL-298" failures="0" tests="1" name="OPD_Flow_wise.Login" time="5.538" errors="0" timestamp="2024-11-07T15:32:13 IST" skipped="0">
  <testcase classname="OPD_Flow_wise.Login" name="login_method" time="5.538"/>
  <system-out/>
</testsuite> <!-- OPD_Flow_wise.Login -->
